-------------------------------------------------------------------------------
Test set: repository.RoleDaoTest
-------------------------------------------------------------------------------
Tests run: 2, Failures: 0, Errors: 2, Skipped: 0, Time elapsed: 2.321 s <<< FAILURE! - in repository.RoleDaoTest
getAllRolesTest(repository.RoleDaoTest)  Time elapsed: 0.002 s  <<< ERROR!
java.lang.IllegalStateException: Failed to load ApplicationContext
Caused by: org.springframework.beans.factory.UnsatisfiedDependencyException: Error creating bean with name 'azureTestController': Unsatisfied dependency expressed through field 'azureService'; nested exception is org.springframework.beans.factory.UnsatisfiedDependencyException: Error creating bean with name 'azureService': Unsatisfied dependency expressed through field 'cloudBlobContainer'; nested exception is org.springframework.beans.factory.BeanCreationException: Error creating bean with name 'testBlobContainer' defined in class path resource [com/psp/init/AzureConfig.class]: Bean instantiation via factory method failed; nested exception is org.springframework.beans.BeanInstantiationException: Failed to instantiate [com.microsoft.azure.storage.blob.CloudBlobContainer]: Factory method 'testBlobContainer' threw exception; nested exception is org.springframework.beans.factory.BeanCreationException: Error creating bean with name 'cloudBlobClient' defined in class path resource [com/psp/init/AzureConfig.class]: Bean instantiation via factory method failed; nested exception is org.springframework.beans.BeanInstantiationException: Failed to instantiate [com.microsoft.azure.storage.blob.CloudBlobClient]: Factory method 'cloudBlobClient' threw exception; nested exception is java.lang.IllegalArgumentException: Invalid connection string.
Caused by: org.springframework.beans.factory.UnsatisfiedDependencyException: Error creating bean with name 'azureService': Unsatisfied dependency expressed through field 'cloudBlobContainer'; nested exception is org.springframework.beans.factory.BeanCreationException: Error creating bean with name 'testBlobContainer' defined in class path resource [com/psp/init/AzureConfig.class]: Bean instantiation via factory method failed; nested exception is org.springframework.beans.BeanInstantiationException: Failed to instantiate [com.microsoft.azure.storage.blob.CloudBlobContainer]: Factory method 'testBlobContainer' threw exception; nested exception is org.springframework.beans.factory.BeanCreationException: Error creating bean with name 'cloudBlobClient' defined in class path resource [com/psp/init/AzureConfig.class]: Bean instantiation via factory method failed; nested exception is org.springframework.beans.BeanInstantiationException: Failed to instantiate [com.microsoft.azure.storage.blob.CloudBlobClient]: Factory method 'cloudBlobClient' threw exception; nested exception is java.lang.IllegalArgumentException: Invalid connection string.
Caused by: org.springframework.beans.factory.BeanCreationException: Error creating bean with name 'testBlobContainer' defined in class path resource [com/psp/init/AzureConfig.class]: Bean instantiation via factory method failed; nested exception is org.springframework.beans.BeanInstantiationException: Failed to instantiate [com.microsoft.azure.storage.blob.CloudBlobContainer]: Factory method 'testBlobContainer' threw exception; nested exception is org.springframework.beans.factory.BeanCreationException: Error creating bean with name 'cloudBlobClient' defined in class path resource [com/psp/init/AzureConfig.class]: Bean instantiation via factory method failed; nested exception is org.springframework.beans.BeanInstantiationException: Failed to instantiate [com.microsoft.azure.storage.blob.CloudBlobClient]: Factory method 'cloudBlobClient' threw exception; nested exception is java.lang.IllegalArgumentException: Invalid connection string.
Caused by: org.springframework.beans.BeanInstantiationException: Failed to instantiate [com.microsoft.azure.storage.blob.CloudBlobContainer]: Factory method 'testBlobContainer' threw exception; nested exception is org.springframework.beans.factory.BeanCreationException: Error creating bean with name 'cloudBlobClient' defined in class path resource [com/psp/init/AzureConfig.class]: Bean instantiation via factory method failed; nested exception is org.springframework.beans.BeanInstantiationException: Failed to instantiate [com.microsoft.azure.storage.blob.CloudBlobClient]: Factory method 'cloudBlobClient' threw exception; nested exception is java.lang.IllegalArgumentException: Invalid connection string.
Caused by: org.springframework.beans.factory.BeanCreationException: Error creating bean with name 'cloudBlobClient' defined in class path resource [com/psp/init/AzureConfig.class]: Bean instantiation via factory method failed; nested exception is org.springframework.beans.BeanInstantiationException: Failed to instantiate [com.microsoft.azure.storage.blob.CloudBlobClient]: Factory method 'cloudBlobClient' threw exception; nested exception is java.lang.IllegalArgumentException: Invalid connection string.
Caused by: org.springframework.beans.BeanInstantiationException: Failed to instantiate [com.microsoft.azure.storage.blob.CloudBlobClient]: Factory method 'cloudBlobClient' threw exception; nested exception is java.lang.IllegalArgumentException: Invalid connection string.
Caused by: java.lang.IllegalArgumentException: Invalid connection string.

getRoleByIdTest(repository.RoleDaoTest)  Time elapsed: 0.001 s  <<< ERROR!
java.lang.IllegalStateException: Failed to load ApplicationContext
Caused by: org.springframework.beans.factory.UnsatisfiedDependencyException: Error creating bean with name 'azureTestController': Unsatisfied dependency expressed through field 'azureService'; nested exception is org.springframework.beans.factory.UnsatisfiedDependencyException: Error creating bean with name 'azureService': Unsatisfied dependency expressed through field 'cloudBlobContainer'; nested exception is org.springframework.beans.factory.BeanCreationException: Error creating bean with name 'testBlobContainer' defined in class path resource [com/psp/init/AzureConfig.class]: Bean instantiation via factory method failed; nested exception is org.springframework.beans.BeanInstantiationException: Failed to instantiate [com.microsoft.azure.storage.blob.CloudBlobContainer]: Factory method 'testBlobContainer' threw exception; nested exception is org.springframework.beans.factory.BeanCreationException: Error creating bean with name 'cloudBlobClient' defined in class path resource [com/psp/init/AzureConfig.class]: Bean instantiation via factory method failed; nested exception is org.springframework.beans.BeanInstantiationException: Failed to instantiate [com.microsoft.azure.storage.blob.CloudBlobClient]: Factory method 'cloudBlobClient' threw exception; nested exception is java.lang.IllegalArgumentException: Invalid connection string.
Caused by: org.springframework.beans.factory.UnsatisfiedDependencyException: Error creating bean with name 'azureService': Unsatisfied dependency expressed through field 'cloudBlobContainer'; nested exception is org.springframework.beans.factory.BeanCreationException: Error creating bean with name 'testBlobContainer' defined in class path resource [com/psp/init/AzureConfig.class]: Bean instantiation via factory method failed; nested exception is org.springframework.beans.BeanInstantiationException: Failed to instantiate [com.microsoft.azure.storage.blob.CloudBlobContainer]: Factory method 'testBlobContainer' threw exception; nested exception is org.springframework.beans.factory.BeanCreationException: Error creating bean with name 'cloudBlobClient' defined in class path resource [com/psp/init/AzureConfig.class]: Bean instantiation via factory method failed; nested exception is org.springframework.beans.BeanInstantiationException: Failed to instantiate [com.microsoft.azure.storage.blob.CloudBlobClient]: Factory method 'cloudBlobClient' threw exception; nested exception is java.lang.IllegalArgumentException: Invalid connection string.
Caused by: org.springframework.beans.factory.BeanCreationException: Error creating bean with name 'testBlobContainer' defined in class path resource [com/psp/init/AzureConfig.class]: Bean instantiation via factory method failed; nested exception is org.springframework.beans.BeanInstantiationException: Failed to instantiate [com.microsoft.azure.storage.blob.CloudBlobContainer]: Factory method 'testBlobContainer' threw exception; nested exception is org.springframework.beans.factory.BeanCreationException: Error creating bean with name 'cloudBlobClient' defined in class path resource [com/psp/init/AzureConfig.class]: Bean instantiation via factory method failed; nested exception is org.springframework.beans.BeanInstantiationException: Failed to instantiate [com.microsoft.azure.storage.blob.CloudBlobClient]: Factory method 'cloudBlobClient' threw exception; nested exception is java.lang.IllegalArgumentException: Invalid connection string.
Caused by: org.springframework.beans.BeanInstantiationException: Failed to instantiate [com.microsoft.azure.storage.blob.CloudBlobContainer]: Factory method 'testBlobContainer' threw exception; nested exception is org.springframework.beans.factory.BeanCreationException: Error creating bean with name 'cloudBlobClient' defined in class path resource [com/psp/init/AzureConfig.class]: Bean instantiation via factory method failed; nested exception is org.springframework.beans.BeanInstantiationException: Failed to instantiate [com.microsoft.azure.storage.blob.CloudBlobClient]: Factory method 'cloudBlobClient' threw exception; nested exception is java.lang.IllegalArgumentException: Invalid connection string.
Caused by: org.springframework.beans.factory.BeanCreationException: Error creating bean with name 'cloudBlobClient' defined in class path resource [com/psp/init/AzureConfig.class]: Bean instantiation via factory method failed; nested exception is org.springframework.beans.BeanInstantiationException: Failed to instantiate [com.microsoft.azure.storage.blob.CloudBlobClient]: Factory method 'cloudBlobClient' threw exception; nested exception is java.lang.IllegalArgumentException: Invalid connection string.
Caused by: org.springframework.beans.BeanInstantiationException: Failed to instantiate [com.microsoft.azure.storage.blob.CloudBlobClient]: Factory method 'cloudBlobClient' threw exception; nested exception is java.lang.IllegalArgumentException: Invalid connection string.
Caused by: java.lang.IllegalArgumentException: Invalid connection string.

