-------------------------------------------------------------------------------
Test set: repository.UserDaoTest
-------------------------------------------------------------------------------
Tests run: 6, Failures: 0, Errors: 6, Skipped: 0, Time elapsed: 1.684 s <<< FAILURE! - in repository.UserDaoTest
getUserByEmailTest(repository.UserDaoTest)  Time elapsed: 0 s  <<< ERROR!
java.lang.IllegalStateException: Failed to load ApplicationContext
Caused by: org.springframework.beans.factory.UnsatisfiedDependencyException: Error creating bean with name 'azureTestController': Unsatisfied dependency expressed through field 'azureService'; nested exception is org.springframework.beans.factory.UnsatisfiedDependencyException: Error creating bean with name 'azureService': Unsatisfied dependency expressed through field 'cloudBlobContainer'; nested exception is org.springframework.beans.factory.BeanCreationException: Error creating bean with name 'testBlobContainer' defined in class path resource [com/psp/init/AzureConfig.class]: Bean instantiation via factory method failed; nested exception is org.springframework.beans.BeanInstantiationException: Failed to instantiate [com.microsoft.azure.storage.blob.CloudBlobContainer]: Factory method 'testBlobContainer' threw exception; nested exception is org.springframework.beans.factory.BeanCreationException: Error creating bean with name 'cloudBlobClient' defined in class path resource [com/psp/init/AzureConfig.class]: Bean instantiation via factory method failed; nested exception is org.springframework.beans.BeanInstantiationException: Failed to instantiate [com.microsoft.azure.storage.blob.CloudBlobClient]: Factory method 'cloudBlobClient' threw exception; nested exception is java.lang.IllegalArgumentException: Invalid connection string.
Caused by: org.springframework.beans.factory.UnsatisfiedDependencyException: Error creating bean with name 'azureService': Unsatisfied dependency expressed through field 'cloudBlobContainer'; nested exception is org.springframework.beans.factory.BeanCreationException: Error creating bean with name 'testBlobContainer' defined in class path resource [com/psp/init/AzureConfig.class]: Bean instantiation via factory method failed; nested exception is org.springframework.beans.BeanInstantiationException: Failed to instantiate [com.microsoft.azure.storage.blob.CloudBlobContainer]: Factory method 'testBlobContainer' threw exception; nested exception is org.springframework.beans.factory.BeanCreationException: Error creating bean with name 'cloudBlobClient' defined in class path resource [com/psp/init/AzureConfig.class]: Bean instantiation via factory method failed; nested exception is org.springframework.beans.BeanInstantiationException: Failed to instantiate [com.microsoft.azure.storage.blob.CloudBlobClient]: Factory method 'cloudBlobClient' threw exception; nested exception is java.lang.IllegalArgumentException: Invalid connection string.
Caused by: org.springframework.beans.factory.BeanCreationException: Error creating bean with name 'testBlobContainer' defined in class path resource [com/psp/init/AzureConfig.class]: Bean instantiation via factory method failed; nested exception is org.springframework.beans.BeanInstantiationException: Failed to instantiate [com.microsoft.azure.storage.blob.CloudBlobContainer]: Factory method 'testBlobContainer' threw exception; nested exception is org.springframework.beans.factory.BeanCreationException: Error creating bean with name 'cloudBlobClient' defined in class path resource [com/psp/init/AzureConfig.class]: Bean instantiation via factory method failed; nested exception is org.springframework.beans.BeanInstantiationException: Failed to instantiate [com.microsoft.azure.storage.blob.CloudBlobClient]: Factory method 'cloudBlobClient' threw exception; nested exception is java.lang.IllegalArgumentException: Invalid connection string.
Caused by: org.springframework.beans.BeanInstantiationException: Failed to instantiate [com.microsoft.azure.storage.blob.CloudBlobContainer]: Factory method 'testBlobContainer' threw exception; nested exception is org.springframework.beans.factory.BeanCreationException: Error creating bean with name 'cloudBlobClient' defined in class path resource [com/psp/init/AzureConfig.class]: Bean instantiation via factory method failed; nested exception is org.springframework.beans.BeanInstantiationException: Failed to instantiate [com.microsoft.azure.storage.blob.CloudBlobClient]: Factory method 'cloudBlobClient' threw exception; nested exception is java.lang.IllegalArgumentException: Invalid connection string.
Caused by: org.springframework.beans.factory.BeanCreationException: Error creating bean with name 'cloudBlobClient' defined in class path resource [com/psp/init/AzureConfig.class]: Bean instantiation via factory method failed; nested exception is org.springframework.beans.BeanInstantiationException: Failed to instantiate [com.microsoft.azure.storage.blob.CloudBlobClient]: Factory method 'cloudBlobClient' threw exception; nested exception is java.lang.IllegalArgumentException: Invalid connection string.
Caused by: org.springframework.beans.BeanInstantiationException: Failed to instantiate [com.microsoft.azure.storage.blob.CloudBlobClient]: Factory method 'cloudBlobClient' threw exception; nested exception is java.lang.IllegalArgumentException: Invalid connection string.
Caused by: java.lang.IllegalArgumentException: Invalid connection string.

getUserByCredentials(repository.UserDaoTest)  Time elapsed: 0.001 s  <<< ERROR!
java.lang.IllegalStateException: Failed to load ApplicationContext
Caused by: org.springframework.beans.factory.UnsatisfiedDependencyException: Error creating bean with name 'azureTestController': Unsatisfied dependency expressed through field 'azureService'; nested exception is org.springframework.beans.factory.UnsatisfiedDependencyException: Error creating bean with name 'azureService': Unsatisfied dependency expressed through field 'cloudBlobContainer'; nested exception is org.springframework.beans.factory.BeanCreationException: Error creating bean with name 'testBlobContainer' defined in class path resource [com/psp/init/AzureConfig.class]: Bean instantiation via factory method failed; nested exception is org.springframework.beans.BeanInstantiationException: Failed to instantiate [com.microsoft.azure.storage.blob.CloudBlobContainer]: Factory method 'testBlobContainer' threw exception; nested exception is org.springframework.beans.factory.BeanCreationException: Error creating bean with name 'cloudBlobClient' defined in class path resource [com/psp/init/AzureConfig.class]: Bean instantiation via factory method failed; nested exception is org.springframework.beans.BeanInstantiationException: Failed to instantiate [com.microsoft.azure.storage.blob.CloudBlobClient]: Factory method 'cloudBlobClient' threw exception; nested exception is java.lang.IllegalArgumentException: Invalid connection string.
Caused by: org.springframework.beans.factory.UnsatisfiedDependencyException: Error creating bean with name 'azureService': Unsatisfied dependency expressed through field 'cloudBlobContainer'; nested exception is org.springframework.beans.factory.BeanCreationException: Error creating bean with name 'testBlobContainer' defined in class path resource [com/psp/init/AzureConfig.class]: Bean instantiation via factory method failed; nested exception is org.springframework.beans.BeanInstantiationException: Failed to instantiate [com.microsoft.azure.storage.blob.CloudBlobContainer]: Factory method 'testBlobContainer' threw exception; nested exception is org.springframework.beans.factory.BeanCreationException: Error creating bean with name 'cloudBlobClient' defined in class path resource [com/psp/init/AzureConfig.class]: Bean instantiation via factory method failed; nested exception is org.springframework.beans.BeanInstantiationException: Failed to instantiate [com.microsoft.azure.storage.blob.CloudBlobClient]: Factory method 'cloudBlobClient' threw exception; nested exception is java.lang.IllegalArgumentException: Invalid connection string.
Caused by: org.springframework.beans.factory.BeanCreationException: Error creating bean with name 'testBlobContainer' defined in class path resource [com/psp/init/AzureConfig.class]: Bean instantiation via factory method failed; nested exception is org.springframework.beans.BeanInstantiationException: Failed to instantiate [com.microsoft.azure.storage.blob.CloudBlobContainer]: Factory method 'testBlobContainer' threw exception; nested exception is org.springframework.beans.factory.BeanCreationException: Error creating bean with name 'cloudBlobClient' defined in class path resource [com/psp/init/AzureConfig.class]: Bean instantiation via factory method failed; nested exception is org.springframework.beans.BeanInstantiationException: Failed to instantiate [com.microsoft.azure.storage.blob.CloudBlobClient]: Factory method 'cloudBlobClient' threw exception; nested exception is java.lang.IllegalArgumentException: Invalid connection string.
Caused by: org.springframework.beans.BeanInstantiationException: Failed to instantiate [com.microsoft.azure.storage.blob.CloudBlobContainer]: Factory method 'testBlobContainer' threw exception; nested exception is org.springframework.beans.factory.BeanCreationException: Error creating bean with name 'cloudBlobClient' defined in class path resource [com/psp/init/AzureConfig.class]: Bean instantiation via factory method failed; nested exception is org.springframework.beans.BeanInstantiationException: Failed to instantiate [com.microsoft.azure.storage.blob.CloudBlobClient]: Factory method 'cloudBlobClient' threw exception; nested exception is java.lang.IllegalArgumentException: Invalid connection string.
Caused by: org.springframework.beans.factory.BeanCreationException: Error creating bean with name 'cloudBlobClient' defined in class path resource [com/psp/init/AzureConfig.class]: Bean instantiation via factory method failed; nested exception is org.springframework.beans.BeanInstantiationException: Failed to instantiate [com.microsoft.azure.storage.blob.CloudBlobClient]: Factory method 'cloudBlobClient' threw exception; nested exception is java.lang.IllegalArgumentException: Invalid connection string.
Caused by: org.springframework.beans.BeanInstantiationException: Failed to instantiate [com.microsoft.azure.storage.blob.CloudBlobClient]: Factory method 'cloudBlobClient' threw exception; nested exception is java.lang.IllegalArgumentException: Invalid connection string.
Caused by: java.lang.IllegalArgumentException: Invalid connection string.

updateUserTest(repository.UserDaoTest)  Time elapsed: 0.001 s  <<< ERROR!
java.lang.IllegalStateException: Failed to load ApplicationContext
Caused by: org.springframework.beans.factory.UnsatisfiedDependencyException: Error creating bean with name 'azureTestController': Unsatisfied dependency expressed through field 'azureService'; nested exception is org.springframework.beans.factory.UnsatisfiedDependencyException: Error creating bean with name 'azureService': Unsatisfied dependency expressed through field 'cloudBlobContainer'; nested exception is org.springframework.beans.factory.BeanCreationException: Error creating bean with name 'testBlobContainer' defined in class path resource [com/psp/init/AzureConfig.class]: Bean instantiation via factory method failed; nested exception is org.springframework.beans.BeanInstantiationException: Failed to instantiate [com.microsoft.azure.storage.blob.CloudBlobContainer]: Factory method 'testBlobContainer' threw exception; nested exception is org.springframework.beans.factory.BeanCreationException: Error creating bean with name 'cloudBlobClient' defined in class path resource [com/psp/init/AzureConfig.class]: Bean instantiation via factory method failed; nested exception is org.springframework.beans.BeanInstantiationException: Failed to instantiate [com.microsoft.azure.storage.blob.CloudBlobClient]: Factory method 'cloudBlobClient' threw exception; nested exception is java.lang.IllegalArgumentException: Invalid connection string.
Caused by: org.springframework.beans.factory.UnsatisfiedDependencyException: Error creating bean with name 'azureService': Unsatisfied dependency expressed through field 'cloudBlobContainer'; nested exception is org.springframework.beans.factory.BeanCreationException: Error creating bean with name 'testBlobContainer' defined in class path resource [com/psp/init/AzureConfig.class]: Bean instantiation via factory method failed; nested exception is org.springframework.beans.BeanInstantiationException: Failed to instantiate [com.microsoft.azure.storage.blob.CloudBlobContainer]: Factory method 'testBlobContainer' threw exception; nested exception is org.springframework.beans.factory.BeanCreationException: Error creating bean with name 'cloudBlobClient' defined in class path resource [com/psp/init/AzureConfig.class]: Bean instantiation via factory method failed; nested exception is org.springframework.beans.BeanInstantiationException: Failed to instantiate [com.microsoft.azure.storage.blob.CloudBlobClient]: Factory method 'cloudBlobClient' threw exception; nested exception is java.lang.IllegalArgumentException: Invalid connection string.
Caused by: org.springframework.beans.factory.BeanCreationException: Error creating bean with name 'testBlobContainer' defined in class path resource [com/psp/init/AzureConfig.class]: Bean instantiation via factory method failed; nested exception is org.springframework.beans.BeanInstantiationException: Failed to instantiate [com.microsoft.azure.storage.blob.CloudBlobContainer]: Factory method 'testBlobContainer' threw exception; nested exception is org.springframework.beans.factory.BeanCreationException: Error creating bean with name 'cloudBlobClient' defined in class path resource [com/psp/init/AzureConfig.class]: Bean instantiation via factory method failed; nested exception is org.springframework.beans.BeanInstantiationException: Failed to instantiate [com.microsoft.azure.storage.blob.CloudBlobClient]: Factory method 'cloudBlobClient' threw exception; nested exception is java.lang.IllegalArgumentException: Invalid connection string.
Caused by: org.springframework.beans.BeanInstantiationException: Failed to instantiate [com.microsoft.azure.storage.blob.CloudBlobContainer]: Factory method 'testBlobContainer' threw exception; nested exception is org.springframework.beans.factory.BeanCreationException: Error creating bean with name 'cloudBlobClient' defined in class path resource [com/psp/init/AzureConfig.class]: Bean instantiation via factory method failed; nested exception is org.springframework.beans.BeanInstantiationException: Failed to instantiate [com.microsoft.azure.storage.blob.CloudBlobClient]: Factory method 'cloudBlobClient' threw exception; nested exception is java.lang.IllegalArgumentException: Invalid connection string.
Caused by: org.springframework.beans.factory.BeanCreationException: Error creating bean with name 'cloudBlobClient' defined in class path resource [com/psp/init/AzureConfig.class]: Bean instantiation via factory method failed; nested exception is org.springframework.beans.BeanInstantiationException: Failed to instantiate [com.microsoft.azure.storage.blob.CloudBlobClient]: Factory method 'cloudBlobClient' threw exception; nested exception is java.lang.IllegalArgumentException: Invalid connection string.
Caused by: org.springframework.beans.BeanInstantiationException: Failed to instantiate [com.microsoft.azure.storage.blob.CloudBlobClient]: Factory method 'cloudBlobClient' threw exception; nested exception is java.lang.IllegalArgumentException: Invalid connection string.
Caused by: java.lang.IllegalArgumentException: Invalid connection string.

saveDeleteStudentTest(repository.UserDaoTest)  Time elapsed: 0 s  <<< ERROR!
java.lang.IllegalStateException: Failed to load ApplicationContext
Caused by: org.springframework.beans.factory.UnsatisfiedDependencyException: Error creating bean with name 'azureTestController': Unsatisfied dependency expressed through field 'azureService'; nested exception is org.springframework.beans.factory.UnsatisfiedDependencyException: Error creating bean with name 'azureService': Unsatisfied dependency expressed through field 'cloudBlobContainer'; nested exception is org.springframework.beans.factory.BeanCreationException: Error creating bean with name 'testBlobContainer' defined in class path resource [com/psp/init/AzureConfig.class]: Bean instantiation via factory method failed; nested exception is org.springframework.beans.BeanInstantiationException: Failed to instantiate [com.microsoft.azure.storage.blob.CloudBlobContainer]: Factory method 'testBlobContainer' threw exception; nested exception is org.springframework.beans.factory.BeanCreationException: Error creating bean with name 'cloudBlobClient' defined in class path resource [com/psp/init/AzureConfig.class]: Bean instantiation via factory method failed; nested exception is org.springframework.beans.BeanInstantiationException: Failed to instantiate [com.microsoft.azure.storage.blob.CloudBlobClient]: Factory method 'cloudBlobClient' threw exception; nested exception is java.lang.IllegalArgumentException: Invalid connection string.
Caused by: org.springframework.beans.factory.UnsatisfiedDependencyException: Error creating bean with name 'azureService': Unsatisfied dependency expressed through field 'cloudBlobContainer'; nested exception is org.springframework.beans.factory.BeanCreationException: Error creating bean with name 'testBlobContainer' defined in class path resource [com/psp/init/AzureConfig.class]: Bean instantiation via factory method failed; nested exception is org.springframework.beans.BeanInstantiationException: Failed to instantiate [com.microsoft.azure.storage.blob.CloudBlobContainer]: Factory method 'testBlobContainer' threw exception; nested exception is org.springframework.beans.factory.BeanCreationException: Error creating bean with name 'cloudBlobClient' defined in class path resource [com/psp/init/AzureConfig.class]: Bean instantiation via factory method failed; nested exception is org.springframework.beans.BeanInstantiationException: Failed to instantiate [com.microsoft.azure.storage.blob.CloudBlobClient]: Factory method 'cloudBlobClient' threw exception; nested exception is java.lang.IllegalArgumentException: Invalid connection string.
Caused by: org.springframework.beans.factory.BeanCreationException: Error creating bean with name 'testBlobContainer' defined in class path resource [com/psp/init/AzureConfig.class]: Bean instantiation via factory method failed; nested exception is org.springframework.beans.BeanInstantiationException: Failed to instantiate [com.microsoft.azure.storage.blob.CloudBlobContainer]: Factory method 'testBlobContainer' threw exception; nested exception is org.springframework.beans.factory.BeanCreationException: Error creating bean with name 'cloudBlobClient' defined in class path resource [com/psp/init/AzureConfig.class]: Bean instantiation via factory method failed; nested exception is org.springframework.beans.BeanInstantiationException: Failed to instantiate [com.microsoft.azure.storage.blob.CloudBlobClient]: Factory method 'cloudBlobClient' threw exception; nested exception is java.lang.IllegalArgumentException: Invalid connection string.
Caused by: org.springframework.beans.BeanInstantiationException: Failed to instantiate [com.microsoft.azure.storage.blob.CloudBlobContainer]: Factory method 'testBlobContainer' threw exception; nested exception is org.springframework.beans.factory.BeanCreationException: Error creating bean with name 'cloudBlobClient' defined in class path resource [com/psp/init/AzureConfig.class]: Bean instantiation via factory method failed; nested exception is org.springframework.beans.BeanInstantiationException: Failed to instantiate [com.microsoft.azure.storage.blob.CloudBlobClient]: Factory method 'cloudBlobClient' threw exception; nested exception is java.lang.IllegalArgumentException: Invalid connection string.
Caused by: org.springframework.beans.factory.BeanCreationException: Error creating bean with name 'cloudBlobClient' defined in class path resource [com/psp/init/AzureConfig.class]: Bean instantiation via factory method failed; nested exception is org.springframework.beans.BeanInstantiationException: Failed to instantiate [com.microsoft.azure.storage.blob.CloudBlobClient]: Factory method 'cloudBlobClient' threw exception; nested exception is java.lang.IllegalArgumentException: Invalid connection string.
Caused by: org.springframework.beans.BeanInstantiationException: Failed to instantiate [com.microsoft.azure.storage.blob.CloudBlobClient]: Factory method 'cloudBlobClient' threw exception; nested exception is java.lang.IllegalArgumentException: Invalid connection string.
Caused by: java.lang.IllegalArgumentException: Invalid connection string.

getStudentsTest(repository.UserDaoTest)  Time elapsed: 0.001 s  <<< ERROR!
java.lang.IllegalStateException: Failed to load ApplicationContext
Caused by: org.springframework.beans.factory.UnsatisfiedDependencyException: Error creating bean with name 'azureTestController': Unsatisfied dependency expressed through field 'azureService'; nested exception is org.springframework.beans.factory.UnsatisfiedDependencyException: Error creating bean with name 'azureService': Unsatisfied dependency expressed through field 'cloudBlobContainer'; nested exception is org.springframework.beans.factory.BeanCreationException: Error creating bean with name 'testBlobContainer' defined in class path resource [com/psp/init/AzureConfig.class]: Bean instantiation via factory method failed; nested exception is org.springframework.beans.BeanInstantiationException: Failed to instantiate [com.microsoft.azure.storage.blob.CloudBlobContainer]: Factory method 'testBlobContainer' threw exception; nested exception is org.springframework.beans.factory.BeanCreationException: Error creating bean with name 'cloudBlobClient' defined in class path resource [com/psp/init/AzureConfig.class]: Bean instantiation via factory method failed; nested exception is org.springframework.beans.BeanInstantiationException: Failed to instantiate [com.microsoft.azure.storage.blob.CloudBlobClient]: Factory method 'cloudBlobClient' threw exception; nested exception is java.lang.IllegalArgumentException: Invalid connection string.
Caused by: org.springframework.beans.factory.UnsatisfiedDependencyException: Error creating bean with name 'azureService': Unsatisfied dependency expressed through field 'cloudBlobContainer'; nested exception is org.springframework.beans.factory.BeanCreationException: Error creating bean with name 'testBlobContainer' defined in class path resource [com/psp/init/AzureConfig.class]: Bean instantiation via factory method failed; nested exception is org.springframework.beans.BeanInstantiationException: Failed to instantiate [com.microsoft.azure.storage.blob.CloudBlobContainer]: Factory method 'testBlobContainer' threw exception; nested exception is org.springframework.beans.factory.BeanCreationException: Error creating bean with name 'cloudBlobClient' defined in class path resource [com/psp/init/AzureConfig.class]: Bean instantiation via factory method failed; nested exception is org.springframework.beans.BeanInstantiationException: Failed to instantiate [com.microsoft.azure.storage.blob.CloudBlobClient]: Factory method 'cloudBlobClient' threw exception; nested exception is java.lang.IllegalArgumentException: Invalid connection string.
Caused by: org.springframework.beans.factory.BeanCreationException: Error creating bean with name 'testBlobContainer' defined in class path resource [com/psp/init/AzureConfig.class]: Bean instantiation via factory method failed; nested exception is org.springframework.beans.BeanInstantiationException: Failed to instantiate [com.microsoft.azure.storage.blob.CloudBlobContainer]: Factory method 'testBlobContainer' threw exception; nested exception is org.springframework.beans.factory.BeanCreationException: Error creating bean with name 'cloudBlobClient' defined in class path resource [com/psp/init/AzureConfig.class]: Bean instantiation via factory method failed; nested exception is org.springframework.beans.BeanInstantiationException: Failed to instantiate [com.microsoft.azure.storage.blob.CloudBlobClient]: Factory method 'cloudBlobClient' threw exception; nested exception is java.lang.IllegalArgumentException: Invalid connection string.
Caused by: org.springframework.beans.BeanInstantiationException: Failed to instantiate [com.microsoft.azure.storage.blob.CloudBlobContainer]: Factory method 'testBlobContainer' threw exception; nested exception is org.springframework.beans.factory.BeanCreationException: Error creating bean with name 'cloudBlobClient' defined in class path resource [com/psp/init/AzureConfig.class]: Bean instantiation via factory method failed; nested exception is org.springframework.beans.BeanInstantiationException: Failed to instantiate [com.microsoft.azure.storage.blob.CloudBlobClient]: Factory method 'cloudBlobClient' threw exception; nested exception is java.lang.IllegalArgumentException: Invalid connection string.
Caused by: org.springframework.beans.factory.BeanCreationException: Error creating bean with name 'cloudBlobClient' defined in class path resource [com/psp/init/AzureConfig.class]: Bean instantiation via factory method failed; nested exception is org.springframework.beans.BeanInstantiationException: Failed to instantiate [com.microsoft.azure.storage.blob.CloudBlobClient]: Factory method 'cloudBlobClient' threw exception; nested exception is java.lang.IllegalArgumentException: Invalid connection string.
Caused by: org.springframework.beans.BeanInstantiationException: Failed to instantiate [com.microsoft.azure.storage.blob.CloudBlobClient]: Factory method 'cloudBlobClient' threw exception; nested exception is java.lang.IllegalArgumentException: Invalid connection string.
Caused by: java.lang.IllegalArgumentException: Invalid connection string.

getUserByIdTest(repository.UserDaoTest)  Time elapsed: 0 s  <<< ERROR!
java.lang.IllegalStateException: Failed to load ApplicationContext
Caused by: org.springframework.beans.factory.UnsatisfiedDependencyException: Error creating bean with name 'azureTestController': Unsatisfied dependency expressed through field 'azureService'; nested exception is org.springframework.beans.factory.UnsatisfiedDependencyException: Error creating bean with name 'azureService': Unsatisfied dependency expressed through field 'cloudBlobContainer'; nested exception is org.springframework.beans.factory.BeanCreationException: Error creating bean with name 'testBlobContainer' defined in class path resource [com/psp/init/AzureConfig.class]: Bean instantiation via factory method failed; nested exception is org.springframework.beans.BeanInstantiationException: Failed to instantiate [com.microsoft.azure.storage.blob.CloudBlobContainer]: Factory method 'testBlobContainer' threw exception; nested exception is org.springframework.beans.factory.BeanCreationException: Error creating bean with name 'cloudBlobClient' defined in class path resource [com/psp/init/AzureConfig.class]: Bean instantiation via factory method failed; nested exception is org.springframework.beans.BeanInstantiationException: Failed to instantiate [com.microsoft.azure.storage.blob.CloudBlobClient]: Factory method 'cloudBlobClient' threw exception; nested exception is java.lang.IllegalArgumentException: Invalid connection string.
Caused by: org.springframework.beans.factory.UnsatisfiedDependencyException: Error creating bean with name 'azureService': Unsatisfied dependency expressed through field 'cloudBlobContainer'; nested exception is org.springframework.beans.factory.BeanCreationException: Error creating bean with name 'testBlobContainer' defined in class path resource [com/psp/init/AzureConfig.class]: Bean instantiation via factory method failed; nested exception is org.springframework.beans.BeanInstantiationException: Failed to instantiate [com.microsoft.azure.storage.blob.CloudBlobContainer]: Factory method 'testBlobContainer' threw exception; nested exception is org.springframework.beans.factory.BeanCreationException: Error creating bean with name 'cloudBlobClient' defined in class path resource [com/psp/init/AzureConfig.class]: Bean instantiation via factory method failed; nested exception is org.springframework.beans.BeanInstantiationException: Failed to instantiate [com.microsoft.azure.storage.blob.CloudBlobClient]: Factory method 'cloudBlobClient' threw exception; nested exception is java.lang.IllegalArgumentException: Invalid connection string.
Caused by: org.springframework.beans.factory.BeanCreationException: Error creating bean with name 'testBlobContainer' defined in class path resource [com/psp/init/AzureConfig.class]: Bean instantiation via factory method failed; nested exception is org.springframework.beans.BeanInstantiationException: Failed to instantiate [com.microsoft.azure.storage.blob.CloudBlobContainer]: Factory method 'testBlobContainer' threw exception; nested exception is org.springframework.beans.factory.BeanCreationException: Error creating bean with name 'cloudBlobClient' defined in class path resource [com/psp/init/AzureConfig.class]: Bean instantiation via factory method failed; nested exception is org.springframework.beans.BeanInstantiationException: Failed to instantiate [com.microsoft.azure.storage.blob.CloudBlobClient]: Factory method 'cloudBlobClient' threw exception; nested exception is java.lang.IllegalArgumentException: Invalid connection string.
Caused by: org.springframework.beans.BeanInstantiationException: Failed to instantiate [com.microsoft.azure.storage.blob.CloudBlobContainer]: Factory method 'testBlobContainer' threw exception; nested exception is org.springframework.beans.factory.BeanCreationException: Error creating bean with name 'cloudBlobClient' defined in class path resource [com/psp/init/AzureConfig.class]: Bean instantiation via factory method failed; nested exception is org.springframework.beans.BeanInstantiationException: Failed to instantiate [com.microsoft.azure.storage.blob.CloudBlobClient]: Factory method 'cloudBlobClient' threw exception; nested exception is java.lang.IllegalArgumentException: Invalid connection string.
Caused by: org.springframework.beans.factory.BeanCreationException: Error creating bean with name 'cloudBlobClient' defined in class path resource [com/psp/init/AzureConfig.class]: Bean instantiation via factory method failed; nested exception is org.springframework.beans.BeanInstantiationException: Failed to instantiate [com.microsoft.azure.storage.blob.CloudBlobClient]: Factory method 'cloudBlobClient' threw exception; nested exception is java.lang.IllegalArgumentException: Invalid connection string.
Caused by: org.springframework.beans.BeanInstantiationException: Failed to instantiate [com.microsoft.azure.storage.blob.CloudBlobClient]: Factory method 'cloudBlobClient' threw exception; nested exception is java.lang.IllegalArgumentException: Invalid connection string.
Caused by: java.lang.IllegalArgumentException: Invalid connection string.

